This is pdfTeX, Version 3.1415926-2.5-1.40.14 (TeX Live 2013/Debian) (format=pdflatex 2017.9.18)  24 OCT 2017 16:02
entering extended mode
 restricted \write18 enabled.
 %&-line parsing enabled.
**/home/kotharia/Documents/Projects/ROB537_LearningBasedControl/HW3/Report/Band
itComparison10.tex

(/home/kotharia/Documents/Projects/ROB537_LearningBasedControl/HW3/Report/Bandi
tComparison10.tex
LaTeX2e <2011/06/27>
Babel <3.9h> and hyphenation patterns for 78 languages loaded.

! LaTeX Error: Environment figure undefined.

See the LaTeX manual or LaTeX Companion for explanation.
Type  H <return>  for immediate help.
 ...                                              
                                                  
l.4 \begin{figure}
                  [h]
? 
! Emergency stop.
 ...                                              
                                                  
l.4 \begin{figure}
                  [h]
Your command was ignored.
Type  I <command> <return>  to replace it with another command,
or  <return>  to continue without it.

 
Here is how much of TeX's memory you used:
 8 strings out of 493304
 537 string characters out of 6139871
 51880 words of memory out of 5000000
 3565 multiletter control sequences out of 15000+600000
 3640 words of font info for 14 fonts, out of 8000000 for 9000
 957 hyphenation exceptions out of 8191
 5i,0n,4p,126b,16s stack positions out of 5000i,500n,10000p,200000b,80000s
!  ==> Fatal error occurred, no output PDF file produced!
